Selected file: example.txt
g++ pt1.cpp -o pt1
./pt1 example.txt -d
190, 10, 19, 
	+ 
	* 
3267, 81, 40, 27, 
	+ + 
	* + 
83, 17, 5, 
	+ 
	* 
156, 15, 6, 
	+ 
	* 
7290, 6, 8, 6, 15, 
	+ + + 
	* + + 
	+ * + 
	* * + 
	+ + * 
	* + * 
	+ * * 
	* * * 
161011, 16, 10, 13, 
	+ + 
	* + 
	+ * 
	* * 
192, 17, 8, 14, 
	+ + 
	* + 
	+ * 
	* * 
21037, 9, 7, 18, 13, 
	+ + + 
	* + + 
	+ * + 
	* * + 
	+ + * 
	* + * 
	+ * * 
	* * * 
292, 11, 6, 16, 20, 
	+ + + 
	* + + 
	+ * + 
252134456, 4, 22, 71, 9, 658, 5, 25, 7, 7, 4, 
	+ + + + + + + + + 
	* + + + + + + + + 
	+ * + + + + + + + 
	* * + + + + + + + 
	+ + * + + + + + + 
	* + * + + + + + + 
	+ * * + + + + + + 
	* * * + + + + + + 
	+ + + * + + + + + 
	* + + * + + + + + 
	+ * + * + + + + + 
	* * + * + + + + + 
	+ + * * + + + + + 
	* + * * + + + + + 
	+ * * * + + + + + 
	* * * * + + + + + 
	+ + + + * + + + + 
	* + + + * + + + + 
	+ * + + * + + + + 
	* * + + * + + + + 
	+ + * + * + + + + 
	* + * + * + + + + 
	+ * * + * + + + + 
	* * * + * + + + + 
	+ + + * * + + + + 
	* + + * * + + + + 
	+ * + * * + + + + 
	* * + * * + + + + 
	+ + * * * + + + + 
	* + * * * + + + + 
	+ * * * * + + + + 
	* * * * * + + + + 
	+ + + + + * + + + 
	* + + + + * + + + 
	+ * + + + * + + + 
	* * + + + * + + + 
	+ + * + + * + + + 
	* + * + + * + + + 
	+ * * + + * + + + 
	* * * + + * + + + 
	+ + + * + * + + + 
	* + + * + * + + + 
	+ * + * + * + + + 
	* * + * + * + + + 
	+ + * * + * + + + 
	* + * * + * + + + 
	+ * * * + * + + + 
	* * * * + * + + + 
	+ + + + * * + + + 
	* + + + * * + + + 
	+ * + + * * + + + 
	* * + + * * + + + 
	+ + * + * * + + + 
	* + * + * * + + + 
	+ * * + * * + + + 
	* * * + * * + + + 
	+ + + * * * + + + 
	* + + * * * + + + 
	+ * + * * * + + + 
	* * + * * * + + + 
	+ + * * * * + + + 
	* + * * * * + + + 
	+ * * * * * + + + 
	* * * * * * + + + 
	+ + + + + + * + + 
	* + + + + + * + + 
	+ * + + + + * + + 
	* * + + + + * + + 
	+ + * + + + * + + 
	* + * + + + * + + 
	+ * * + + + * + + 
	* * * + + + * + + 
	+ + + * + + * + + 
	* + + * + + * + + 
	+ * + * + + * + + 
	* * + * + + * + + 
	+ + * * + + * + + 
	* + * * + + * + + 
	+ * * * + + * + + 
	* * * * + + * + + 
	+ + + + * + * + + 
	* + + + * + * + + 
	+ * + + * + * + + 
	* * + + * + * + + 
	+ + * + * + * + + 
	* + * + * + * + + 
	+ * * + * + * + + 
	* * * + * + * + + 
	+ + + * * + * + + 
	* + + * * + * + + 
	+ * + * * + * + + 
	* * + * * + * + + 
	+ + * * * + * + + 
	* + * * * + * + + 
	+ * * * * + * + + 
	* * * * * + * + + 
	+ + + + + * * + + 
	* + + + + * * + + 
	+ * + + + * * + + 
	* * + + + * * + + 
	+ + * + + * * + + 
	* + * + + * * + + 
	+ * * + + * * + + 
	* * * + + * * + + 
	+ + + * + * * + + 
	* + + * + * * + + 
	+ * + * + * * + + 
	* * + * + * * + + 
	+ + * * + * * + + 
	* + * * + * * + + 
	+ * * * + * * + + 
	* * * * + * * + + 
	+ + + + * * * + + 
	* + + + * * * + + 
	+ * + + * * * + + 
	* * + + * * * + + 
	+ + * + * * * + + 
	* + * + * * * + + 
	+ * * + * * * + + 
	* * * + * * * + + 
	+ + + * * * * + + 
	* + + * * * * + + 
	+ * + * * * * + + 
	* * + * * * * + + 
	+ + * * * * * + + 
	* + * * * * * + + 
	+ * * * * * * + + 
	* * * * * * * + + 
	+ + + + + + + * + 
	* + + + + + + * + 
	+ * + + + + + * + 
	* * + + + + + * + 
	+ + * + + + + * + 
	* + * + + + + * + 
	+ * * + + + + * + 
	* * * + + + + * + 
	+ + + * + + + * + 
	* + + * + + + * + 
	+ * + * + + + * + 
	* * + * + + + * + 
	+ + * * + + + * + 
	* + * * + + + * + 
	+ * * * + + + * + 
	* * * * + + + * + 
	+ + + + * + + * + 
	* + + + * + + * + 
	+ * + + * + + * + 
	* * + + * + + * + 
	+ + * + * + + * + 
	* + * + * + + * + 
	+ * * + * + + * + 
	* * * + * + + * + 
	+ + + * * + + * + 
	* + + * * + + * + 
	+ * + * * + + * + 
	* * + * * + + * + 
	+ + * * * + + * + 
	* + * * * + + * + 
	+ * * * * + + * + 
	* * * * * + + * + 
	+ + + + + * + * + 
	* + + + + * + * + 
	+ * + + + * + * + 
	* * + + + * + * + 
	+ + * + + * + * + 
	* + * + + * + * + 
	+ * * + + * + * + 
	* * * + + * + * + 
	+ + + * + * + * + 
	* + + * + * + * + 
	+ * + * + * + * + 
	* * + * + * + * + 
	+ + * * + * + * + 
	* + * * + * + * + 
	+ * * * + * + * + 
	* * * * + * + * + 
	+ + + + * * + * + 
	* + + + * * + * + 
	+ * + + * * + * + 
	* * + + * * + * + 
	+ + * + * * + * + 
	* + * + * * + * + 
	+ * * + * * + * + 
	* * * + * * + * + 
	+ + + * * * + * + 
	* + + * * * + * + 
	+ * + * * * + * + 
	* * + * * * + * + 
	+ + * * * * + * + 
	* + * * * * + * + 
	+ * * * * * + * + 
	* * * * * * + * + 
	+ + + + + + * * + 
	* + + + + + * * + 
	+ * + + + + * * + 
	* * + + + + * * + 
	+ + * + + + * * + 
	* + * + + + * * + 
	+ * * + + + * * + 
	* * * + + + * * + 
	+ + + * + + * * + 
	* + + * + + * * + 
	+ * + * + + * * + 
	* * + * + + * * + 
	+ + * * + + * * + 
	* + * * + + * * + 
	+ * * * + + * * + 
	* * * * + + * * + 
	+ + + + * + * * + 
	* + + + * + * * + 
	+ * + + * + * * + 
	* * + + * + * * + 
	+ + * + * + * * + 
	* + * + * + * * + 
	+ * * + * + * * + 
	* * * + * + * * + 
	+ + + * * + * * + 
	* + + * * + * * + 
	+ * + * * + * * + 
	* * + * * + * * + 
	+ + * * * + * * + 
	* + * * * + * * + 
	+ * * * * + * * + 
	* * * * * + * * + 
	+ + + + + * * * + 
	* + + + + * * * + 
	+ * + + + * * * + 
	* * + + + * * * + 
	+ + * + + * * * + 
	* + * + + * * * + 
	+ * * + + * * * + 
	* * * + + * * * + 
	+ + + * + * * * + 
	* + + * + * * * + 
	+ * + * + * * * + 
	* * + * + * * * + 
	+ + * * + * * * + 
	* + * * + * * * + 
	+ * * * + * * * + 
	* * * * + * * * + 
	+ + + + * * * * + 
	* + + + * * * * + 
	+ * + + * * * * + 
	* * + + * * * * + 
	+ + * + * * * * + 
	* + * + * * * * + 
	+ * * + * * * * + 
	* * * + * * * * + 
	+ + + * * * * * + 
	* + + * * * * * + 
	+ * + * * * * * + 
	* * + * * * * * + 
	+ + * * * * * * + 
	* + * * * * * * + 
	+ * * * * * * * + 
	* * * * * * * * + 
	+ + + + + + + + * 
	* + + + + + + + * 
	+ * + + + + + + * 
	* * + + + + + + * 
	+ + * + + + + + * 
	* + * + + + + + * 
	+ * * + + + + + * 
	* * * + + + + + * 
	+ + + * + + + + * 
	* + + * + + + + * 
	+ * + * + + + + * 
	* * + * + + + + * 
	+ + * * + + + + * 
	* + * * + + + + * 
	+ * * * + + + + * 
	* * * * + + + + * 
	+ + + + * + + + * 
	* + + + * + + + * 
	+ * + + * + + + * 
	* * + + * + + + * 
	+ + * + * + + + * 
	* + * + * + + + * 
	+ * * + * + + + * 
	* * * + * + + + * 
	+ + + * * + + + * 
	* + + * * + + + * 
	+ * + * * + + + * 
	* * + * * + + + * 
	+ + * * * + + + * 
	* + * * * + + + * 
	+ * * * * + + + * 
	* * * * * + + + * 
	+ + + + + * + + * 
	* + + + + * + + * 
	+ * + + + * + + * 
	* * + + + * + + * 
	+ + * + + * + + * 
	* + * + + * + + * 
	+ * * + + * + + * 
	* * * + + * + + * 
	+ + + * + * + + * 
	* + + * + * + + * 
	+ * + * + * + + * 
	* * + * + * + + * 
	+ + * * + * + + * 
	* + * * + * + + * 
	+ * * * + * + + * 
	* * * * + * + + * 
	+ + + + * * + + * 
	* + + + * * + + * 
	+ * + + * * + + * 
	* * + + * * + + * 
	+ + * + * * + + * 
	* + * + * * + + * 
	+ * * + * * + + * 
	* * * + * * + + * 
	+ + + * * * + + * 
	* + + * * * + + * 
	+ * + * * * + + * 
	* * + * * * + + * 
	+ + * * * * + + * 
	* + * * * * + + * 
	+ * * * * * + + * 
	* * * * * * + + * 
	+ + + + + + * + * 
	* + + + + + * + * 
	+ * + + + + * + * 
	* * + + + + * + * 
	+ + * + + + * + * 
	* + * + + + * + * 
	+ * * + + + * + * 
	* * * + + + * + * 
	+ + + * + + * + * 
	* + + * + + * + * 
	+ * + * + + * + * 
	* * + * + + * + * 
	+ + * * + + * + * 
	* + * * + + * + * 
	+ * * * + + * + * 
	* * * * + + * + * 
	+ + + + * + * + * 
	* + + + * + * + * 
	+ * + + * + * + * 
	* * + + * + * + * 
	+ + * + * + * + * 
	* + * + * + * + * 
	+ * * + * + * + * 
	* * * + * + * + * 
	+ + + * * + * + * 
	* + + * * + * + * 
	+ * + * * + * + * 
	* * + * * + * + * 
	+ + * * * + * + * 
	* + * * * + * + * 
	+ * * * * + * + * 
	* * * * * + * + * 
	+ + + + + * * + * 
	* + + + + * * + * 
	+ * + + + * * + * 
	* * + + + * * + * 
	+ + * + + * * + * 
	* + * + + * * + * 
	+ * * + + * * + * 
	* * * + + * * + * 
	+ + + * + * * + * 
	* + + * + * * + * 
	+ * + * + * * + * 
	* * + * + * * + * 
	+ + * * + * * + * 
	* + * * + * * + * 
	+ * * * + * * + * 
	* * * * + * * + * 
	+ + + + * * * + * 
	* + + + * * * + * 
	+ * + + * * * + * 
	* * + + * * * + * 
	+ + * + * * * + * 
	* + * + * * * + * 
	+ * * + * * * + * 
	* * * + * * * + * 
	+ + + * * * * + * 
	* + + * * * * + * 
	+ * + * * * * + * 
	* * + * * * * + * 
	+ + * * * * * + * 
	* + * * * * * + * 
	+ * * * * * * + * 
	* * * * * * * + * 
	+ + + + + + + * * 
	* + + + + + + * * 
	+ * + + + + + * * 
	* * + + + + + * * 
	+ + * + + + + * * 
	* + * + + + + * * 
	+ * * + + + + * * 
	* * * + + + + * * 
	+ + + * + + + * * 
	* + + * + + + * * 
	+ * + * + + + * * 
	* * + * + + + * * 
	+ + * * + + + * * 
	* + * * + + + * * 
	+ * * * + + + * * 
	* * * * + + + * * 
	+ + + + * + + * * 
	* + + + * + + * * 
	+ * + + * + + * * 
	* * + + * + + * * 
	+ + * + * + + * * 
	* + * + * + + * * 
	+ * * + * + + * * 
	* * * + * + + * * 
	+ + + * * + + * * 
	* + + * * + + * * 
	+ * + * * + + * * 
	* * + * * + + * * 
	+ + * * * + + * * 
	* + * * * + + * * 
	+ * * * * + + * * 
	* * * * * + + * * 
	+ + + + + * + * * 
	* + + + + * + * * 
	+ * + + + * + * * 
	* * + + + * + * * 
	+ + * + + * + * * 
	* + * + + * + * * 
	+ * * + + * + * * 
	* * * + + * + * * 
	+ + + * + * + * * 
	* + + * + * + * * 
	+ * + * + * + * * 
	* * + * + * + * * 
	+ + * * + * + * * 
	* + * * + * + * * 
	+ * * * + * + * * 
	* * * * + * + * * 
	+ + + + * * + * * 
	* + + + * * + * * 
	+ * + + * * + * * 
	* * + + * * + * * 
	+ + * + * * + * * 
	* + * + * * + * * 
	+ * * + * * + * * 
	* * * + * * + * * 
	+ + + * * * + * * 
	* + + * * * + * * 
	+ * + * * * + * * 
	* * + * * * + * * 
	+ + * * * * + * * 
	* + * * * * + * * 
	+ * * * * * + * * 
	* * * * * * + * * 
	+ + + + + + * * * 
	* + + + + + * * * 
	+ * + + + + * * * 
	* * + + + + * * * 
	+ + * + + + * * * 
	* + * + + + * * * 
	+ * * + + + * * * 
	* * * + + + * * * 
	+ + + * + + * * * 
	* + + * + + * * * 
	+ * + * + + * * * 
	* * + * + + * * * 
	+ + * * + + * * * 
	* + * * + + * * * 
	+ * * * + + * * * 
	* * * * + + * * * 
	+ + + + * + * * * 
	* + + + * + * * * 
	+ * + + * + * * * 
	* * + + * + * * * 
	+ + * + * + * * * 
	* + * + * + * * * 
	+ * * + * + * * * 
	* * * + * + * * * 
	+ + + * * + * * * 
	* + + * * + * * * 
	+ * + * * + * * * 
	* * + * * + * * * 
	+ + * * * + * * * 
	* + * * * + * * * 
	+ * * * * + * * * 
	* * * * * + * * * 
	+ + + + + * * * * 
	* + + + + * * * * 
	+ * + + + * * * * 
	* * + + + * * * * 
	+ + * + + * * * * 
	* + * + + * * * * 
	+ * * + + * * * * 
	* * * + + * * * * 
	+ + + * + * * * * 
	* + + * + * * * * 
	+ * + * + * * * * 
	* * + * + * * * * 
	+ + * * + * * * * 
	* + * * + * * * * 
	+ * * * + * * * * 
	* * * * + * * * * 
	+ + + + * * * * * 
	* + + + * * * * * 
	+ * + + * * * * * 
	* * + + * * * * * 
	+ + * + * * * * * 
	* + * + * * * * * 
	+ * * + * * * * * 
	* * * + * * * * * 
	+ + + * * * * * * 
	* + + * * * * * * 
	+ * + * * * * * * 
	* * + * * * * * * 
	+ + * * * * * * * 
	* + * * * * * * * 
	+ * * * * * * * * 
	* * * * * * * * * 
Accum: 3749
